Conversion Warnings Log

BA_DEF_DEF_ " "  : Match not Found in Param List
BA_DEF_DEF_ " "  : Match not Found in Param List
BA_DEF_DEF_ " 0 ;"  : Match not Found in Param List
BA_DEF_DEF_ " 0 ;"  : Match not Found in Param List
BA_DEF_DEF_ " "  : Match not Found in Param List
BA_DEF_DEF_ " 0 ;"  : Match not Found in Param List
BA_DEF_DEF_ " -1 ;"  : Match not Found in Param List
BA_DEF_DEF_ " -1 ;"  : Match not Found in Param List
BA_DEF_DEF_ " 0 ;"  : Match not Found in Param List
BA_DEF_DEF_ " 0 ;"  : Match not Found in Param List
BA_DEF_DEF_ " 0 ;"  : Match not Found in Param List
BA_DEF_DEF_ " "  : Match not Found in Param List
BA_DEF_DEF_ " "  : Match not Found in Param List
BA_DEF_DEF_ " "  : Match not Found in Param List
BA_DEF_DEF_ " "  : Match not Found in Param List
BA_DEF_DEF_ " "  : Match not Found in Param List
BA_DEF_DEF_ " "  : Match not Found in Param List
BA_DEF_DEF_ " "  : Match not Found in Param List
BA_DEF_DEF_ " "  : Match not Found in Param List
OBJECT ID : BU_	PARAM_NAME :"CSMdeviceHash"
	Description: Invalid Data Ranges	 Action Taken : Reset to default value
